<?xml version="1.0" encoding="UTF-8"?>
<testsuite name="FileTest" tests="1" skipped="0" failures="0" errors="0" timestamp="2022-10-05T21:44:03" hostname="DESKTOP-1RKP0KH" time="0.076">
  <properties/>
  <testcase name="checkRandomness()" classname="FileTest" time="0.076"/>
  <system-out><![CDATA[[B@60f00693
]]></system-out>
  <system-err><![CDATA[]]></system-err>
</testsuite>
